Arguments: 
  C:\Program Files\nodejs\node.exe C:\Program Files (x86)\Yarn\bin\yarn.js add react-native --exact

PATH: 
  C:\Users\diga\bin;C:\Program Files\Git\mingw64\bin;C:\Program Files\Git\usr\local\bin;C:\Program Files\Git\usr\bin;C:\Program Files\Git\usr\bin;C:\Program Files\Git\mingw64\bin;C:\Program Files\Git\usr\bin;C:\Users\diga\bin;C:\ProgramData\Oracle\Java\javapath;C:\Program Files (x86)\NVIDIA Corporation\PhysX\Common;C:\Program Files (x86)\Intel\iCLS Client;C:\Program Files\Intel\iCLS Client;C:\Windows\system32;C:\Windows;C:\Windows\System32\Wbem;C:\Windows\System32\WindowsPowerShell\v1.0;C:\Program Files\Intel\Intel(R) Management Engine Components\DAL;C:\Program Files\Intel\Intel(R) Management Engine Components\IPT;C:\Program Files (x86)\Intel\Intel(R) Management Engine Components\DAL;C:\Program Files (x86)\Intel\Intel(R) Management Engine Components\IPT;C:\Program Files\Microsoft\Web Platform Installer;C:\Program Files (x86)\Microsoft ASP.NET\ASP.NET Web Pages\v1.0;C:\Program Files (x86)\Windows Kits\8.0\Windows Performance Toolkit;C:\Program Files\Microsoft SQL Server\110\Tools\Binn;C:\Program Files\Intel\WiFi\bin;C:\Program Files\Common Files\Intel\WirelessCommon;C:\Program Files (x86)\Microsoft SQL Server\100\Tools\Binn;C:\Program Files\Microsoft SQL Server\100\Tools\Binn;C:\Program Files\Microsoft SQL Server\100\DTS\Binn;C:\Program Files (x86)\Microsoft SQL Server\100\Tools\Binn\VSShell\Common7\IDE;C:\Program Files (x86)\Microsoft SQL Server\100\DTS\Binn;C:\Program Files (x86)\Microsoft Visual Studio 9.0\Common7\IDE\PrivateAssemblies;C:\Program Files (x86)\Autodesk\Backburner;C:\Program Files\Common Files\Autodesk Shared;C:\WINDOWS\system32;C:\WINDOWS;C:\WINDOWS\System32\Wbem;C:\WINDOWS\System32\WindowsPowerShell\v1.0;C:\Program Files (x86)\QuickTime\QTSystem;C:\Program Files (x86)\Skype\Phone;C:\Program Files\nodejs;C:\Program Files\Git\cmd;C:\Program Files (x86)\Heroku\bin;C:\Program Files (x86)\git\cmd;C:\Program Files (x86)\Git\cmd;C:\ProgramData\chocolatey\bin;C:\Program Files (x86)\Yarn\bin;C:\Ruby22\bin;C:\Program Files\Intel\WiFi\bin;C:\Program Files\Common Files\Intel\WirelessCommon;C:\Program Files (x86)\Git\bin;C:\Program Files (x86)\Git\cmd;C:\Users\diga\AppData\Local\Microsoft\WindowsApps;C:\Users\diga\AppData\Local\atom\bin;C:\Users\diga\AppData\Roaming\npm;C:\Windows\System32\sqlite;C:\Users\diga\AppData\Local\Yarn\.bin;C:\Program Files\Java\jdk1.8.0_111\bin;C:\Program Files\Java\jre1.8.0_111\bin;C:\Users\diga\AppData\Local\Android\sdk\platform-tools;C:\Program Files\Git\usr\bin\vendor_perl;C:\Program Files\Git\usr\bin\core_perl

Yarn version: 
  0.16.1

Node version: 
  6.5.0

Platform: 
  win32 x64

npm manifest: 
  {"name":"NavigationProject","version":"0.0.1","private":true,"scripts":{"start":"node node_modules/react-native/local-cli/cli.js start"}}

yarn manifest: 
  No manifest

bower manifest: 
  No manifest

Lockfile: 
  No lockfile

Trace: 
  Error: https://registry.yarnpkg.com/vinyl-file/-/vinyl-file-2.0.0.tgz: invalid tar file
      at Extract.Parse._startEntry (C:\Program Files (x86)\Yarn\node_modules\tar\lib\parse.js:149:13)
      at Extract.Parse._process (C:\Program Files (x86)\Yarn\node_modules\tar\lib\parse.js:131:12)
      at BlockStream.<anonymous> (C:\Program Files (x86)\Yarn\node_modules\tar\lib\parse.js:47:8)
      at emitOne (events.js:96:13)
      at BlockStream.emit (events.js:188:7)
      at BlockStream._emitChunk (C:\Program Files (x86)\Yarn\node_modules\block-stream\block-stream.js:145:10)
      at BlockStream.flush (C:\Program Files (x86)\Yarn\node_modules\block-stream\block-stream.js:70:8)
      at BlockStream.end (C:\Program Files (x86)\Yarn\node_modules\block-stream\block-stream.js:66:8)
      at Extract.Parse.end (C:\Program Files (x86)\Yarn\node_modules\tar\lib\parse.js:86:23)
      at UnpackStream.onend (_stream_readable.js:511:10)
